# JRE version: Java(TM) SE Runtime Environment (7.0_45-b18) (build 1.7.0_45-b18)
# Java VM: Java HotSpot(TM) Client VM (24.45-b08 mixed mode windows-x86 )
Heap
 def new generation   total 4928K, used 900K [0x04600000, 0x04b50000, 0x09b50000)
  eden space 4416K,  20% used [0x04600000, 0x046de5e8, 0x04a50000)
  from space 512K,   2% used [0x04a50000, 0x04a52ae8, 0x04ad0000)
  to   space 512K,   0% used [0x04ad0000, 0x04ad0000, 0x04b50000)
 tenured generation   total 10944K, used 2597K [0x09b50000, 0x0a600000, 0x14600000)
   the space 10944K,  23% used [0x09b50000, 0x09dd9458, 0x09dd9600, 0x0a600000)
 compacting perm gen  total 12288K, used 6987K [0x14600000, 0x15200000, 0x18600000)
   the space 12288K,  56% used [0x14600000, 0x14cd2d98, 0x14cd2e00, 0x15200000)
GC Heap History (8 events):
Event: 1.326 GC heap before
{Heap before GC invocations=0 (full 0):
 def new generation   total 4928K, used 4416K [0x04600000, 0x04b50000, 0x09b50000)
  eden space 4416K, 100% used [0x04600000, 0x04a50000, 0x04a50000)
  from space 512K,   0% used [0x04a50000, 0x04a50000, 0x04ad0000)
  to   space 512K,   0% used [0x04ad0000, 0x04ad0000, 0x04b50000)
 tenured generation   total 10944K, used 0K [0x09b50000, 0x0a600000, 0x14600000)
   the space 10944K,   0% used [0x09b50000, 0x09b50000, 0x09b50200, 0x0a600000)
 compacting perm gen  total 12288K, used 6705K [0x14600000, 0x15200000, 0x18600000)
   the space 12288K,  54% used [0x14600000, 0x14c8c510, 0x14c8c600, 0x15200000)
No shared spaces configured.
Event: 1.356 GC heap after
Heap after GC invocations=1 (full 0):
 def new generation   total 4928K, used 512K [0x04600000, 0x04b50000, 0x09b50000)
  eden space 4416K,   0% used [0x04600000, 0x04600000, 0x04a50000)
  from space 512K, 100% used [0x04ad0000, 0x04b50000, 0x04b50000)
  to   space 512K,   0% used [0x04a50000, 0x04a50000, 0x04ad0000)
 tenured generation   total 10944K, used 1552K [0x09b50000, 0x0a600000, 0x14600000)
   the space 10944K,  14% used [0x09b50000, 0x09cd4388, 0x09cd4400, 0x0a600000)
 compacting perm gen  total 12288K, used 6705K [0x14600000, 0x15200000, 0x18600000)
   the space 12288K,  54% used [0x14600000, 0x14c8c510, 0x14c8c600, 0x15200000)
No shared spaces configured.
}
Event: 8.474 GC heap before
{Heap before GC invocations=1 (full 0):
 def new generation   total 4928K, used 4928K [0x04600000, 0x04b50000, 0x09b50000)
  eden space 4416K, 100% used [0x04600000, 0x04a50000, 0x04a50000)
  from space 512K, 100% used [0x04ad0000, 0x04b50000, 0x04b50000)
  to   space 512K,   0% used [0x04a50000, 0x04a50000, 0x04ad0000)
 tenured generation   total 10944K, used 1552K [0x09b50000, 0x0a600000, 0x14600000)
   the space 10944K,  14% used [0x09b50000, 0x09cd4388, 0x09cd4400, 0x0a600000)
 compacting perm gen  total 12288K, used 6942K [0x14600000, 0x15200000, 0x18600000)
   the space 12288K,  56% used [0x14600000, 0x14cc7848, 0x14cc7a00, 0x15200000)
No shared spaces configured.
Event: 8.480 GC heap after
Heap after GC invocations=2 (full 0):
 def new generation   total 4928K, used 379K [0x04600000, 0x04b50000, 0x09b50000)
  eden space 4416K,   0% used [0x04600000, 0x04600000, 0x04a50000)
  from space 512K,  74% used [0x04a50000, 0x04aaee00, 0x04ad0000)
  to   space 512K,   0% used [0x04ad0000, 0x04ad0000, 0x04b50000)
 tenured generation   total 10944K, used 2230K [0x09b50000, 0x0a600000, 0x14600000)
   the space 10944K,  20% used [0x09b50000, 0x09d7dbf0, 0x09d7dc00, 0x0a600000)
 compacting perm gen  total 12288K, used 6942K [0x14600000, 0x15200000, 0x18600000)
   the space 12288K,  56% used [0x14600000, 0x14cc7848, 0x14cc7a00, 0x15200000)
No shared spaces configured.
}
Event: 30.047 GC heap before
{Heap before GC invocations=2 (full 0):
 def new generation   total 4928K, used 4795K [0x04600000, 0x04b50000, 0x09b50000)
  eden space 4416K, 100% used [0x04600000, 0x04a50000, 0x04a50000)
  from space 512K,  74% used [0x04a50000, 0x04aaee00, 0x04ad0000)
  to   space 512K,   0% used [0x04ad0000, 0x04ad0000, 0x04b50000)
 tenured generation   total 10944K, used 2230K [0x09b50000, 0x0a600000, 0x14600000)
   the space 10944K,  20% used [0x09b50000, 0x09d7dbf0, 0x09d7dc00, 0x0a600000)
 compacting perm gen  total 12288K, used 6984K [0x14600000, 0x15200000, 0x18600000)
   the space 12288K,  56% used [0x14600000, 0x14cd2138, 0x14cd2200, 0x15200000)
No shared spaces configured.
Event: 30.058 GC heap after
Heap after GC invocations=3 (full 0):
 def new generation   total 4928K, used 9K [0x04600000, 0x04b50000, 0x09b50000)
  eden space 4416K,   0% used [0x04600000, 0x04600000, 0x04a50000)
  from space 512K,   1% used [0x04ad0000, 0x04ad26c0, 0x04b50000)
  to   space 512K,   0% used [0x04a50000, 0x04a50000, 0x04ad0000)
 tenured generation   total 10944K, used 2597K [0x09b50000, 0x0a600000, 0x14600000)
   the space 10944K,  23% used [0x09b50000, 0x09dd9458, 0x09dd9600, 0x0a600000)
 compacting perm gen  total 12288K, used 6984K [0x14600000, 0x15200000, 0x18600000)
   the space 12288K,  56% used [0x14600000, 0x14cd2138, 0x14cd2200, 0x15200000)
No shared spaces configured.
}
Event: 33.358 GC heap before
{Heap before GC invocations=3 (full 0):
 def new generation   total 4928K, used 4425K [0x04600000, 0x04b50000, 0x09b50000)
  eden space 4416K, 100% used [0x04600000, 0x04a50000, 0x04a50000)
  from space 512K,   1% used [0x04ad0000, 0x04ad26c0, 0x04b50000)
  to   space 512K,   0% used [0x04a50000, 0x04a50000, 0x04ad0000)
 tenured generation   total 10944K, used 2597K [0x09b50000, 0x0a600000, 0x14600000)
   the space 10944K,  23% used [0x09b50000, 0x09dd9458, 0x09dd9600, 0x0a600000)
 compacting perm gen  total 12288K, used 6984K [0x14600000, 0x15200000, 0x18600000)
   the space 12288K,  56% used [0x14600000, 0x14cd2298, 0x14cd2400, 0x15200000)
No shared spaces configured.
Event: 33.361 GC heap after
Heap after GC invocations=4 (full 0):
 def new generation   total 4928K, used 10K [0x04600000, 0x04b50000, 0x09b50000)
  eden space 4416K,   0% used [0x04600000, 0x04600000, 0x04a50000)
  from space 512K,   2% used [0x04a50000, 0x04a52ae8, 0x04ad0000)
  to   space 512K,   0% used [0x04ad0000, 0x04ad0000, 0x04b50000)
 tenured generation   total 10944K, used 2597K [0x09b50000, 0x0a600000, 0x14600000)
   the space 10944K,  23% used [0x09b50000, 0x09dd9458, 0x09dd9600, 0x0a600000)
 compacting perm gen  total 12288K, used 6984K [0x14600000, 0x15200000, 0x18600000)
   the space 12288K,  56% used [0x14600000, 0x14cd2298, 0x14cd2400, 0x15200000)
No shared spaces configured.
}

